<?xml version="1.0" encoding="UTF-8"?>
<!-- Generated by org.testng.reporters.JUnitReportReporter -->
<testsuite hostname="DESKTOP-4EIK5AH" failures="0" tests="1" name="sdet.CRMLoginTest" time="0.320" errors="0" timestamp="2022-07-31T22:51:00 IST" skipped="0">
  <testcase classname="sdet.CRMLoginTest" name="validateLoginTest" time="0.320"/>
  <system-out/>
</testsuite> <!-- sdet.CRMLoginTest -->
